<?xml version="1.0" encoding="UTF-8"?>
<!-- Generated by org.testng.reporters.JUnitReportReporter -->
<testsuite hostname="tama" failures="0" tests="5" name="SmartBuyWebsiteTest.SmartBuyWebsiteTest.AppTest" time="0.304" errors="0" timestamp="2025-05-17T01:11:04 GMT+03:00" skipped="2">
  <testcase classname="SmartBuyWebsiteTest.SmartBuyWebsiteTest.AppTest" name="ReadDatabase" time="0.045"/>
  <testcase classname="SmartBuyWebsiteTest.SmartBuyWebsiteTest.AppTest" name="DeleteProductDatabase" time="0.003"/>
  <testcase classname="SmartBuyWebsiteTest.SmartBuyWebsiteTest.AppTest" name="RegisterForm" time="0.256"/>
  <testcase classname="SmartBuyWebsiteTest.SmartBuyWebsiteTest.AppTest" name="UpdateDatabase">
    <skipped/>
  </testcase> <!-- UpdateDatabase -->
  <testcase classname="SmartBuyWebsiteTest.SmartBuyWebsiteTest.AppTest" name="InsertIntoDatabase">
    <skipped/>
  </testcase> <!-- InsertIntoDatabase -->
</testsuite> <!-- SmartBuyWebsiteTest.SmartBuyWebsiteTest.AppTest -->
