<?xml version="1.0" encoding="UTF-8"?>
<!-- Generated by org.testng.reporters.JUnitReportReporter -->
<testsuite hostname="tama" failures="0" tests="1" name="SmartBuyWebsiteTest.SmartBuyWebsiteTest.AppTest" time="0.514" errors="0" timestamp="2025-05-16T21:22:30 GMT+03:00" skipped="0">
  <testcase classname="SmartBuyWebsiteTest.SmartBuyWebsiteTest.AppTest" name="RegisterForm" time="0.514"/>
</testsuite> <!-- SmartBuyWebsiteTest.SmartBuyWebsiteTest.AppTest -->
